[debug] [2024-08-03T11:50:25.239Z] : 
[debug] [2024-08-03T11:50:25.240Z] : ----------------------------------------------------------------------
[debug] [2024-08-03T11:50:25.240Z] : Command:      C:\Program Files\nodejs\node.exe C:\Users\shahna\AppData\Roaming\npm\node_modules\zcatalyst-cli\lib\bin\catalyst.js init
[debug] [2024-08-03T11:50:25.241Z] : CLI Version:  1.17.6
[debug] [2024-08-03T11:50:25.241Z] : Platform:     win32
[debug] [2024-08-03T11:50:25.241Z] : Node Version: v21.6.1
[debug] [2024-08-03T11:50:25.241Z] : Time:         Sat Aug 03 2024 17:20:25 GMT+0530 (India Standard Time)
[debug] [2024-08-03T11:50:25.241Z] : ----------------------------------------------------------------------
[debug] [2024-08-03T11:50:25.241Z] : 
[debug] [2024-08-03T11:50:26.047Z] : > authorizing via signed-in user option
[debug] [2024-08-03T11:50:26.047Z] : > command requires scopes: ["ZohoCatalyst.projects.ALL","ZohoCatalyst.projects.ALL","Stratus.sdkop.CREATE","Stratus.sdkop.READ","ZohoCatalyst.project.import.CREATE"]
[info] [2024-08-03T11:50:26.091Z] : 
      ___  
      \  \     ____           _             _                 _   
   ___ \  \   / ___|   __ _  | |_    __ _  | |  _   _   ___  | |_ 
  /  / /  /  | |      / _` | | __|  / _` | | | | | | | / __| | __|
 /  / /__/   | |___  | (_| | | |_  | (_| | | | | |_| | \__ \ | |_ 
 \  \         \____|  \__,_|  \__|  \__,_| |_|  \__, | |___/  \__|
  \__\                                          |___/       

You're about to initialize a Catalyst project in this directory:

  C:\Users\shahna\Desktop\OurApp\ASPK\aspk Backend

[debug] [2024-08-03T11:50:30.168Z] : > refreshing access token <
[debug] [2024-08-03T11:50:30.170Z] : >>>> HTTP REQUEST : POST https://accounts.zoho.in/oauth/v2/token 
<request body omitted>

[debug] [2024-08-03T11:50:30.448Z] : <<<< HTTP RESPONSE : 200
Response Headers: {"server":"ZGS","date":"Sat, 03 Aug 2024 11:50:30 GMT","content-type":"application/json;charset=UTF-8","content-length":"1948","connection":"keep-alive","set-cookie":["zalb_6e73717622=4440853cd702ab2a51402c119608ee85; Path=/","iamcsr=8d61227a-1322-47d4-a9f1-4ae01e2243f5;path=/;SameSite=None;Secure;priority=high","_zcsr_tmp=8d61227a-1322-47d4-a9f1-4ae01e2243f5;path=/;SameSite=Strict;Secure;priority=high"],"cache-control":"no-store","x-content-type-options":"nosniff","content-security-policy":"script-src 'self' 'unsafe-inline' 'unsafe-eval' https://*.zohocdn.com https://*.zoho.com https://*.zoho.eu https://*.zoho.com.cn https://*.zoho.com.au https://*.zoho.jp https://*.zoho.uk https://*.zoho.sa https://*.zohocloud.ca; report-uri https://logsapi.zoho.in/csplog?service=accounts;","pragma":"no-cache","x-frame-options":"SAMEORIGIN","vary":"accept-encoding","content-language":"en-US","strict-transport-security":"max-age=63072000"}

[debug] [2024-08-03T11:50:30.461Z] : >>>> HTTP REQUEST : GET https://api.catalyst.zoho.in/baas/v1/orgs 

[debug] [2024-08-03T11:50:30.649Z] : <<<< HTTP RESPONSE : 500
Response Headers: {"server":"ZGS","date":"Sat, 03 Aug 2024 11:50:30 GMT","content-type":"application/vnd.catalyst.v2+json","transfer-encoding":"chunked","connection":"keep-alive","set-cookie":["zalb_3a750b85f1=7c58023b2365c117e2ff9b6feb09efa2; Path=/","ZD_CSRF_TOKEN=a5902d6a-b6ff-4c81-b011-48e390b7590a;path=/;SameSite=None;Secure;priority=high","_zcsr_tmp=a5902d6a-b6ff-4c81-b011-48e390b7590a;path=/;SameSite=Strict;Secure;priority=high"],"x-content-type-options":"nosniff","x-xss-protection":"1","cache-control":"private,no-cache,no-store,max-age=0,must-revalidate","pragma":"no-cache","expires":"Thu, 01 Jan 1970 00:00:00 GMT","x-frame-options":"DENY","strict-transport-security":"max-age=63072000"}

[debug] [2024-08-03T11:50:30.650Z] : Response Body : {"status":"failure","data":{"message":"Internal server error has occurred. Please try again after some time","error_code":"INTERNAL_SERVER_ERROR"}}

[error] [2024-08-03T11:50:30.669Z] : × HTTP Error: 500, Internal server error has occurred. Please try again after some time
[debug] [2024-08-03T11:50:30.670Z] : Error Stack: CatalystError: HTTP Error: 500, Internal server error has occurred. Please try again after some time
    at exports.default (C:\Users\shahna\AppData\Roaming\npm\node_modules\zcatalyst-cli\lib\errorResponse.js:25:12)
    at API._parseResponse (C:\Users\shahna\AppData\Roaming\npm\node_modules\zcatalyst-cli\lib\internal\api.js:145:60)
    at API.<anonymous> (C:\Users\shahna\AppData\Roaming\npm\node_modules\zcatalyst-cli\lib\internal\api.js:226:38)
    at Generator.next (<anonymous>)
    at C:\Users\shahna\AppData\Roaming\npm\node_modules\zcatalyst-cli\lib\internal\api.js:31:71
    at new Promise (<anonymous>)
    at __awaiter (C:\Users\shahna\AppData\Roaming\npm\node_modules\zcatalyst-cli\lib\internal\api.js:27:12)
    at Request.<anonymous> (C:\Users\shahna\AppData\Roaming\npm\node_modules\zcatalyst-cli\lib\internal\api.js:224:53)
    at Request.emit (node:events:531:35)
    at Request.<anonymous> (C:\Users\shahna\AppData\Roaming\npm\node_modules\zcatalyst-cli\node_modules\request\request.js:1154:10)
[debug] [2024-08-03T11:50:30.671Z] : Error Context: {
  "body": {
    "status": "failure",
    "data": {
      "message": "Internal server error has occurred. Please try again after some time",
      "error_code": "INTERNAL_SERVER_ERROR"
    }
  },
  "response": {
    "statusCode": 500,
    "body": {
      "status": "failure",
      "data": {
        "message": "Internal server error has occurred. Please try again after some time",
        "error_code": "INTERNAL_SERVER_ERROR"
      }
    },
    "headers": {
      "server": "ZGS",
      "date": "Sat, 03 Aug 2024 11:50:30 GMT",
      "content-type": "application/vnd.catalyst.v2+json",
      "transfer-encoding": "chunked",
      "connection": "keep-alive",
      "set-cookie": [
        "zalb_3a750b85f1=7c58023b2365c117e2ff9b6feb09efa2; Path=/",
        "ZD_CSRF_TOKEN=a5902d6a-b6ff-4c81-b011-48e390b7590a;path=/;SameSite=None;Secure;priority=high",
        "_zcsr_tmp=a5902d6a-b6ff-4c81-b011-48e390b7590a;path=/;SameSite=Strict;Secure;priority=high"
      ],
      "x-content-type-options": "nosniff",
      "x-xss-protection": "1",
      "cache-control": "private,no-cache,no-store,max-age=0,must-revalidate",
      "pragma": "no-cache",
      "expires": "Thu, 01 Jan 1970 00:00:00 GMT",
      "x-frame-options": "DENY",
      "strict-transport-security": "max-age=63072000"
    },
    "request": {
      "uri": {
        "protocol": "https:",
        "slashes": true,
        "auth": null,
        "host": "api.catalyst.zoho.in",
        "port": 443,
        "hostname": "api.catalyst.zoho.in",
        "hash": null,
        "search": null,
        "query": null,
        "pathname": "/baas/v1/orgs",
        "path": "/baas/v1/orgs",
        "href": "https://api.catalyst.zoho.in/baas/v1/orgs"
      },
      "method": "GET"
    }
  }
}
[debug] [2024-08-03T11:50:30.671Z] : Error Status: 500
[info] [2024-08-03T11:50:30.672Z] : Kindly contact Catalyst support [support@zohocatalyst.com] if you need any further assistance
[debug] [2024-08-03T11:50:30.673Z] : EXEC ENDED with event: Error (Unexpected), message: HTTP Error: 500, Internal server error has occurred. Please try again after some time
[debug] [2024-08-03T11:50:30.673Z] : TOTAL DURATION OF COMMAND EXEC : 4663
[debug] [2024-08-03T11:50:30.676Z] : Unable to initialise the log API
